#
# There is insufficient memory for the Java Runtime Environment to continue.
# Native memory allocation (mmap) failed to map 65536 bytes for Failed to commit metaspace.
# Possible reasons:
#   The system is out of physical RAM or swap space
#   The process is running with CompressedOops enabled, and the Java Heap may be blocking the growth of the native heap
# Possible solutions:
#   Reduce memory load on the system
#   Increase physical memory or swap space
#   Check if swap backing store is full
#   Decrease Java heap size (-Xmx/-Xms)
#   Decrease number of Java threads
#   Decrease Java thread stack sizes (-Xss)
#   Set larger code cache with -XX:ReservedCodeCacheSize=
#   JVM is running with Zero Based Compressed Oops mode in which the Java heap is
#     placed in the first 32GB address space. The Java Heap base address is the
#     maximum limit for the native heap growth. Please use -XX:HeapBaseMinAddress
#     to set the Java Heap base and to place the Java Heap above 32GB virtual address.
# This output file may be truncated or incomplete.
#
#  Out of Memory Error (virtualSpaceNode.cpp:110), pid=29776, tid=12888
#
# JRE version: OpenJDK Runtime Environment (18.0.2+9) (build 18.0.2+9-61)
# Java VM: OpenJDK 64-Bit Server VM (18.0.2+9-61, mixed mode, emulated-client, sharing, tiered, compressed oops, compressed class ptrs, g1 gc, windows-amd64)
# No core dump will be written. Minidumps are not enabled by default on client versions of Windows
#

---------------  S U M M A R Y ------------

Command Line: -XX:TieredStopAtLevel=1 -Dspring.output.ansi.enabled=always -Dcom.sun.management.jmxremote -Dspring.jmx.enabled=true -Dspring.liveBeansView.mbeanDomain -Dspring.application.admin.enabled=true -javaagent:C:\Program Files\JetBrains\IntelliJ IDEA 2022.2\lib\idea_rt.jar=19207:C:\Program Files\JetBrains\IntelliJ IDEA 2022.2\bin -Dfile.encoding=UTF-8 com.collection.collection.CollectionApplication

Host: Intel(R) Core(TM) i7-7700HQ CPU @ 2.80GHz, 8 cores, 15G,  Windows 10 , 64 bit Build 19041 (10.0.19041.2913)
Time: Mon Jun  5 16:51:45 2023 RTZ 2 (s 10 , 64 bit Build 19041 (10.0.19041.2913) elapsed time: 3.034602 seconds (0d 0h 0m 3s)

---------------  T H R E A D  ---------------

Current thread (0x0000023e3bd21270):  JavaThread "main" [_thread_in_vm, id=12888, stack(0x000000ec3b700000,0x000000ec3b800000)]

Stack: [0x000000ec3b700000,0x000000ec3b800000]
Native frames: (J=compiled Java code, j=interpreted, Vv=VM code, C=native code)
V  [jvm.dll+0x6993ca]
V  [jvm.dll+0x7f481d]
V  [jvm.dll+0x7f612e]
V  [jvm.dll+0x7f67e3]
V  [jvm.dll+0x25cdaf]
V  [jvm.dll+0x7f052b]
V  [jvm.dll+0x63f546]
V  [jvm.dll+0x1d741e]
V  [jvm.dll+0x641eeb]
V  [jvm.dll+0x641cee]
V  [jvm.dll+0x63ff0e]
V  [jvm.dll+0x25152f]
V  [jvm.dll+0x64a545]
V  [jvm.dll+0x2027b1]
V  [jvm.dll+0x202ce5]
V  [jvm.dll+0x20371f]
V  [jvm.dll+0x1f8bb1]
V  [jvm.dll+0x55dc05]
V  [jvm.dll+0x76e993]
V  [jvm.dll+0x76ea74]
V  [jvm.dll+0x42d7b4]
V  [jvm.dll+0x4334bf]
C  [java.dll+0x17ec]

Java frames: (J=compiled Java code, j=interpreted, Vv=VM code)
J 1291  java.lang.ClassLoader.defineClass1(Ljava/lang/ClassLoader;Ljava/lang/String;[BIILjava/security/ProtectionDomain;Ljava/lang/String;)Ljava/lang/Class; java.base@18.0.2 (0 bytes) @ 0x0000023e452b6863 [0x0000023e452b67a0+0x00000000000000c3]
J 1392 c1 java.lang.ClassLoader.defineClass(Ljava/lang/String;[BIILjava/security/ProtectionDomain;)Ljava/lang/Class; java.base@18.0.2 (43 bytes) @ 0x0000023e452e4d6c [0x0000023e452e4c60+0x000000000000010c]
J 1312 c1 jdk.internal.loader.BuiltinClassLoader.defineClass(Ljava/lang/String;Ljdk/internal/loader/Resource;)Ljava/lang/Class; java.base@18.0.2 (121 bytes) @ 0x0000023e452c2ef4 [0x0000023e452c2a20+0x00000000000004d4]
J 1293 c1 jdk.internal.loader.BuiltinClassLoader.findClassOnClassPathOrNull(Ljava/lang/String;)Ljava/lang/Class; java.base@18.0.2 (64 bytes) @ 0x0000023e452b8de4 [0x0000023e452b8b40+0x00000000000002a4]
J 1091 c1 jdk.internal.loader.BuiltinClassLoader.loadClassOrNull(Ljava/lang/String;Z)Ljava/lang/Class; java.base@18.0.2 (143 bytes) @ 0x0000023e451d5734 [0x0000023e451d5360+0x00000000000003d4]
J 1209 c1 jdk.internal.loader.ClassLoaders$AppClassLoader.loadClass(Ljava/lang/String;Z)Ljava/lang/Class; java.base@18.0.2 (40 bytes) @ 0x0000023e4529a4fc [0x0000023e4529a4c0+0x000000000000003c]
J 1206 c1 java.lang.ClassLoader.loadClass(Ljava/lang/String;)Ljava/lang/Class; java.base@18.0.2 (7 bytes) @ 0x0000023e45299a64 [0x0000023e45299a20+0x0000000000000044]
v  ~StubRoutines::call_stub
J 1291  java.lang.ClassLoader.defineClass1(Ljava/lang/ClassLoader;Ljava/lang/String;[BIILjava/security/ProtectionDomain;Ljava/lang/String;)Ljava/lang/Class; java.base@18.0.2 (0 bytes) @ 0x0000023e452b6863 [0x0000023e452b67a0+0x00000000000000c3]
J 1392 c1 java.lang.ClassLoader.defineClass(Ljava/lang/String;[BIILjava/security/ProtectionDomain;)Ljava/lang/Class; java.base@18.0.2 (43 bytes) @ 0x0000023e452e4d6c [0x0000023e452e4c60+0x000000000000010c]
J 1312 c1 jdk.internal.loader.BuiltinClassLoader.defineClass(Ljava/lang/String;Ljdk/internal/loader/Resource;)Ljava/lang/Class; java.base@18.0.2 (121 bytes) @ 0x0000023e452c2ef4 [0x0000023e452c2a20+0x00000000000004d4]
J 1293 c1 jdk.internal.loader.BuiltinClassLoader.findClassOnClassPathOrNull(Ljava/lang/String;)Ljava/lang/Class; java.base@18.0.2 (64 bytes) @ 0x0000023e452b8de4 [0x0000023e452b8b40+0x00000000000002a4]
J 1091 c1 jdk.internal.loader.BuiltinClassLoader.loadClassOrNull(Ljava/lang/String;Z)Ljava/lang/Class; java.base@18.0.2 (143 bytes) @ 0x0000023e451d5734 [0x0000023e451d5360+0x00000000000003d4]
J 1209 c1 jdk.internal.loader.ClassLoaders$AppClassLoader.loadClass(Ljava/lang/String;Z)Ljava/lang/Class; java.base@18.0.2 (40 bytes) @ 0x0000023e4529a4fc [0x0000023e4529a4c0+0x000000000000003c]
J 1206 c1 java.lang.ClassLoader.loadClass(Ljava/lang/String;)Ljava/lang/Class; java.base@18.0.2 (7 bytes) @ 0x0000023e45299a64 [0x0000023e45299a20+0x0000000000000044]
v  ~StubRoutines::call_stub
j  org.springframework.beans.factory.support.AbstractAutowireCapableBeanFactory.instantiateBean(Ljava/lang/String;Lorg/springframework/beans/factory/support/RootBeanDefinition;)Lorg/springframework/beans/BeanWrapper;+38
j  org.springframework.beans.factory.support.AbstractAutowireCapableBeanFactory.createBeanInstance(Ljava/lang/String;Lorg/springframework/beans/factory/support/RootBeanDefinition;[Ljava/lang/Object;)Lorg/springframework/beans/BeanWrapper;+250
j  org.springframework.beans.factory.support.AbstractAutowireCapableBeanFactory.doCreateBean(Ljava/lang/String;Lorg/springframework/beans/factory/support/RootBeanDefinition;[Ljava/lang/Object;)Ljava/lang/Object;+34
j  org.springframework.beans.factory.support.AbstractAutowireCapableBeanFactory.createBean(Ljava/lang/String;Lorg/springframework/beans/factory/support/RootBeanDefinition;[Ljava/lang/Object;)Ljava/lang/Object;+169
j  org.springframework.beans.factory.support.AbstractBeanFactory.lambda$doGetBean$0(Ljava/lang/String;Lorg/springframework/beans/factory/support/RootBeanDefinition;[Ljava/lang/Object;)Ljava/lang/Object;+4
j  org.springframework.beans.factory.support.AbstractBeanFactory$$Lambda$306+0x0000000800e193b0.getObject()Ljava/lang/Object;+16
j  org.springframework.beans.factory.support.DefaultSingletonBeanRegistry.getSingleton(Ljava/lang/String;Lorg/springframework/beans/factory/ObjectFactory;)Ljava/lang/Object;+132
j  org.springframework.beans.factory.support.AbstractBeanFactory.doGetBean(Ljava/lang/String;Ljava/lang/Class;[Ljava/lang/Object;Z)Ljava/lang/Object;+513
j  org.springframework.beans.factory.support.AbstractBeanFactory.getBean(Ljava/lang/String;Ljava/lang/Class;)Ljava/lang/Object;+5
j  org.springframework.context.support.PostProcessorRegistrationDelegate.invokeBeanFactoryPostProcessors(Lorg/springframework/beans/factory/config/ConfigurableListableBeanFactory;Ljava/util/List;)V+184
j  org.springframework.context.support.AbstractApplicationContext.invokeBeanFactoryPostProcessors(Lorg/springframework/beans/factory/config/ConfigurableListableBeanFactory;)V+5
j  org.springframework.context.support.AbstractApplicationContext.refresh()V+53
j  org.springframework.boot.web.servlet.context.ServletWebServerApplicationContext.refresh()V+1
j  org.springframework.boot.SpringApplication.refresh(Lorg/springframework/context/ConfigurableApplicationContext;)V+1
j  org.springframework.boot.SpringApplication.refreshContext(Lorg/springframework/context/ConfigurableApplicationContext;)V+16
j  org.springframework.boot.SpringApplication.run([Ljava/lang/String;)Lorg/springframework/context/ConfigurableApplicationContext;+107
j  org.springframework.boot.SpringApplication.run([Ljava/lang/Class;[Ljava/lang/String;)Lorg/springframework/context/ConfigurableApplicationContext;+9
j  org.springframework.boot.SpringApplication.run(Ljava/lang/Class;[Ljava/lang/String;)Lorg/springframework/context/ConfigurableApplicationContext;+9
j  com.collection.collection.CollectionApplication.main([Ljava/lang/String;)V+3
v  ~StubRoutines::call_stub

---------------  P R O C E S S  ---------------

Threads class SMR info:
_java_thread_list=0x0000023e596d0180, length=17, elements={
0x0000023e3bd21270, 0x0000023e548e5070, 0x0000023e548e9bf0, 0x0000023e548fbab0,
0x0000023e548fe630, 0x0000023e54900050, 0x0000023e54908a50, 0x0000023e54913ee0,
0x0000023e54934a60, 0x0000023e58c8d290, 0x0000023e58c96fa0, 0x0000023e58c998b0,
0x0000023e58fee490, 0x0000023e58ff1c40, 0x0000023e59188e30, 0x0000023e595054c0,
0x0000023e5971f010
}

Java Threads: ( => current thread )
=>0x0000023e3bd21270 JavaThread "main" [_thread_in_vm, id=12888, stack(0x000000ec3b700000,0x000000ec3b800000)]
  0x0000023e548e5070 JavaThread "Reference Handler" daemon [_thread_blocked, id=33508, stack(0x000000ec3be00000,0x000000ec3bf00000)]
  0x0000023e548e9bf0 JavaThread "Finalizer" daemon [_thread_blocked, id=27452, stack(0x000000ec3bf00000,0x000000ec3c000000)]
  0x0000023e548fbab0 JavaThread "Signal Dispatcher" daemon [_thread_blocked, id=20432, stack(0x000000ec3c000000,0x000000ec3c100000)]
  0x0000023e548fe630 JavaThread "Attach Listener" daemon [_thread_blocked, id=7336, stack(0x000000ec3c100000,0x000000ec3c200000)]
  0x0000023e54900050 JavaThread "Service Thread" daemon [_thread_blocked, id=23816, stack(0x000000ec3c200000,0x000000ec3c300000)]
  0x0000023e54908a50 JavaThread "Monitor Deflation Thread" daemon [_thread_blocked, id=25800, stack(0x000000ec3c300000,0x000000ec3c400000)]
  0x0000023e54913ee0 JavaThread "C1 CompilerThread0" daemon [_thread_blocked, id=32352, stack(0x000000ec3c400000,0x000000ec3c500000)]
  0x0000023e54934a60 JavaThread "Sweeper thread" daemon [_thread_blocked, id=30192, stack(0x000000ec3c500000,0x000000ec3c600000)]
  0x0000023e58c8d290 JavaThread "Common-Cleaner" daemon [_thread_blocked, id=30428, stack(0x000000ec3c600000,0x000000ec3c700000)]
  0x0000023e58c96fa0 JavaThread "C1 CompilerThread1" daemon [_thread_blocked, id=29876, stack(0x000000ec3c700000,0x000000ec3c800000)]
  0x0000023e58c998b0 JavaThread "C1 CompilerThread2" daemon [_thread_blocked, id=14260, stack(0x000000ec3c800000,0x000000ec3c900000)]
  0x0000023e58fee490 JavaThread "Monitor Ctrl-Break" daemon [_thread_in_native, id=32392, stack(0x000000ec3c900000,0x000000ec3ca00000)]
  0x0000023e58ff1c40 JavaThread "Notification Thread" daemon [_thread_blocked, id=10028, stack(0x000000ec3ca00000,0x000000ec3cb00000)]
  0x0000023e59188e30 JavaThread "RMI TCP Accept-0" daemon [_thread_in_native, id=34136, stack(0x000000ec3cb00000,0x000000ec3cc00000)]
  0x0000023e595054c0 JavaThread "C1 CompilerThread3" daemon [_thread_blocked, id=284, stack(0x000000ec3cd00000,0x000000ec3ce00000)]
  0x0000023e5971f010 JavaThread "background-preinit" [_thread_in_vm, id=1000, stack(0x000000ec3d700000,0x000000ec3d800000)]

Other Threads:
  0x0000023e548e2160 VMThread "VM Thread" [stack: 0x000000ec3bd00000,0x000000ec3be00000] [id=13188]
  0x0000023e3bd22120 WatcherThread "VM Periodic Task Thread" [stack: 0x000000ec3cc00000,0x000000ec3cd00000] [id=24296]
  0x0000023e3bd932e0 WorkerThread "GC Thread#0" [stack: 0x000000ec3b800000,0x000000ec3b900000] [id=30172]
  0x0000023e5957ab40 WorkerThread "GC Thread#1" [stack: 0x000000ec3ce00000,0x000000ec3cf00000] [id=18964]
  0x0000023e59591ff0 WorkerThread "GC Thread#2" [stack: 0x000000ec3cf00000,0x000000ec3d000000] [id=17468]
  0x0000023e59592290 WorkerThread "GC Thread#3" [stack: 0x000000ec3d000000,0x000000ec3d100000] [id=30988]
  0x0000023e59592940 WorkerThread "GC Thread#4" [stack: 0x000000ec3d100000,0x000000ec3d200000] [id=6704]
  0x0000023e595bd040 WorkerThread "GC Thread#5" [stack: 0x000000ec3d200000,0x000000ec3d300000] [id=22980]
  0x0000023e59607a40 WorkerThread "GC Thread#6" [stack: 0x000000ec3d300000,0x000000ec3d400000] [id=2032]
  0x0000023e59607ce0 WorkerThread "GC Thread#7" [stack: 0x000000ec3d400000,0x000000ec3d500000] [id=22484]
  0x0000023e3bda41a0 ConcurrentGCThread "G1 Main Marker" [stack: 0x000000ec3b900000,0x000000ec3ba00000] [id=3784]
  0x0000023e3bda5330 WorkerThread "G1 Conc#0" [stack: 0x000000ec3ba00000,0x000000ec3bb00000] [id=32400]
  0x0000023e3bddeac0 ConcurrentGCThread "G1 Refine#0" [stack: 0x000000ec3bb00000,0x000000ec3bc00000] [id=13292]
  0x0000023e596091c0 ConcurrentGCThread "G1 Refine#1" [stack: 0x000000ec3d500000,0x000000ec3d600000] [id=29412]
  0x0000023e59609cb0 ConcurrentGCThread "G1 Refine#2" [stack: 0x000000ec3d600000,0x000000ec3d700000] [id=31016]
  0x0000023e5479b530 ConcurrentGCThread "G1 Service" [stack: 0x000000ec3bc00000,0x000000ec3bd00000] [id=27104]

Threads with active compile tasks:

VM state: not at safepoint (normal execution)

VM Mutex/Monitor currently owned by a thread:  ([mutex/lock_event])
[0x0000023e3bd1cfb0] Metaspace_lock - owner thread: 0x0000023e3bd21270

Heap address: 0x0000000701400000, size: 4076 MB, Compressed Oops mode: Zero based, Oop shift amount: 3

CDS archive(s) mapped at: [0x0000000800000000-0x0000000800ba0000-0x0000000800ba0000), size 12189696, SharedBaseAddress: 0x0000000800000000, ArchiveRelocationMode: 0.
Compressed class space mapped at: 0x0000000800c00000-0x0000000840c00000, reserved size: 1073741824
Narrow klass base: 0x0000000800000000, Narrow klass shift: 0, Narrow klass range: 0x100000000

GC Precious Log:
 CardTable entry size: 512
 Card Set container configuration: InlinePtr #cards 4 size 8 Array Of Cards #cards 16 size 48 Howl #buckets 8 coarsen threshold 3686 Howl Bitmap #cards 512 size 80 coarsen threshold 460 Card regions per heap region 1 cards per card region 4096
 CPUs: 8 total, 8 available
 Memory: 16303M
 Large Page Support: Disabled
 NUMA Support: Disabled
 Compressed Oops: Enabled (Zero based)
 Heap Region Size: 2M
 Heap Min Capacity: 8M
 Heap Initial Capacity: 256M
 Heap Max Capacity: 4076M
 Pre-touch: Disabled
 Parallel Workers: 8
 Concurrent Workers: 2
 Concurrent Refinement Workers: 8
 Periodic GC: Disabled

Heap:
 garbage-first heap   total 262144K, used 20774K [0x0000000701400000, 0x0000000800000000)
  region size 2048K, 9 young (18432K), 1 survivors (2048K)
 Metaspace       used 14277K, committed 14528K, reserved 1114112K
  class space    used 1829K, committed 1984K, reserved 1048576K

Heap Regions: E=young(eden), S=young(survivor), O=old, HS=humongous(starts), HC=humongous(continues), CS=collection set, F=free, OA=open archive, CA=closed archive, TAMS=top-at-mark-start (previous, next)
|   0|0x0000000701400000, 0x0000000701600000, 0x0000000701600000|100%| O|  |TAMS 0x0000000701400000, 0x0000000701400000| Untracked 
|   1|0x0000000701600000, 0x0000000701800000, 0x0000000701800000|100%| O|  |TAMS 0x0000000701600000, 0x0000000701600000| Untracked 
|   2|0x0000000701800000, 0x0000000701a00000, 0x0000000701a00000|100%| O|  |TAMS 0x0000000701800000, 0x0000000701800000| Untracked 
|   3|0x0000000701a00000, 0x0000000701ad6400, 0x0000000701c00000| 41%| O|  |TAMS 0x0000000701a00000, 0x0000000701a00000| Untracked 
|   4|0x0000000701c00000, 0x0000000701c00000, 0x0000000701e00000|  0%| F|  |TAMS 0x0000000701c00000, 0x0000000701c00000| Untracked 
|   5|0x0000000701e00000, 0x0000000701e00000, 0x0000000702000000|  0%| F|  |TAMS 0x0000000701e00000, 0x0000000701e00000| Untracked 
|   6|0x0000000702000000, 0x0000000702000000, 0x0000000702200000|  0%| F|  |TAMS 0x0000000702000000, 0x0000000702000000| Untracked 
|   7|0x0000000702200000, 0x0000000702200000, 0x0000000702400000|  0%| F|  |TAMS 0x0000000702200000, 0x0000000702200000| Untracked 
|   8|0x0000000702400000, 0x0000000702400000, 0x0000000702600000|  0%| F|  |TAMS 0x0000000702400000, 0x0000000702400000| Untracked 
|   9|0x0000000702600000, 0x0000000702600000, 0x0000000702800000|  0%| F|  |TAMS 0x0000000702600000, 0x0000000702600000| Untracked 
|  10|0x0000000702800000, 0x0000000702800000, 0x0000000702a00000|  0%| F|  |TAMS 0x0000000702800000, 0x0000000702800000| Untracked 
|  11|0x0000000702a00000, 0x0000000702a00000, 0x0000000702c00000|  0%| F|  |TAMS 0x0000000702a00000, 0x0000000702a00000| Untracked 
|  12|0x0000000702c00000, 0x0000000702c00000, 0x0000000702e00000|  0%| F|  |TAMS 0x0000000702c00000, 0x0000000702c00000| Untracked 
|  13|0x0000000702e00000, 0x0000000702e00000, 0x0000000703000000|  0%| F|  |TAMS 0x0000000702e00000, 0x0000000702e00000| Untracked 
|  14|0x0000000703000000, 0x0000000703000000, 0x0000000703200000|  0%| F|  |TAMS 0x0000000703000000, 0x0000000703000000| Untracked 
|  15|0x0000000703200000, 0x0000000703200000, 0x0000000703400000|  0%| F|  |TAMS 0x0000000703200000, 0x0000000703200000| Untracked 
|  16|0x0000000703400000, 0x0000000703400000, 0x0000000703600000|  0%| F|  |TAMS 0x0000000703400000, 0x0000000703400000| Untracked 
|  17|0x0000000703600000, 0x0000000703600000, 0x0000000703800000|  0%| F|  |TAMS 0x0000000703600000, 0x0000000703600000| Untracked 
|  18|0x0000000703800000, 0x0000000703800000, 0x0000000703a00000|  0%| F|  |TAMS 0x0000000703800000, 0x0000000703800000| Untracked 
|  19|0x0000000703a00000, 0x0000000703a00000, 0x0000000703c00000|  0%| F|  |TAMS 0x0000000703a00000, 0x0000000703a00000| Untracked 
|  20|0x0000000703c00000, 0x0000000703c00000, 0x0000000703e00000|  0%| F|  |TAMS 0x0000000703c00000, 0x0000000703c00000| Untracked 
|  21|0x0000000703e00000, 0x0000000703e00000, 0x0000000704000000|  0%| F|  |TAMS 0x0000000703e00000, 0x0000000703e00000| Untracked 
|  22|0x0000000704000000, 0x0000000704000000, 0x0000000704200000|  0%| F|  |TAMS 0x0000000704000000, 0x0000000704000000| Untracked 
|  23|0x0000000704200000, 0x0000000704200000, 0x0000000704400000|  0%| F|  |TAMS 0x0000000704200000, 0x0000000704200000| Untracked 
|  24|0x0000000704400000, 0x0000000704400000, 0x0000000704600000|  0%| F|  |TAMS 0x0000000704400000, 0x0000000704400000| Untracked 
|  25|0x0000000704600000, 0x0000000704600000, 0x0000000704800000|  0%| F|  |TAMS 0x0000000704600000, 0x0000000704600000| Untracked 
|  26|0x0000000704800000, 0x0000000704800000, 0x0000000704a00000|  0%| F|  |TAMS 0x0000000704800000, 0x0000000704800000| Untracked 
|  27|0x0000000704a00000, 0x0000000704a00000, 0x0000000704c00000|  0%| F|  |TAMS 0x0000000704a00000, 0x0000000704a00000| Untracked 
|  28|0x0000000704c00000, 0x0000000704c00000, 0x0000000704e00000|  0%| F|  |TAMS 0x0000000704c00000, 0x0000000704c00000| Untracked 
|  29|0x0000000704e00000, 0x0000000704e00000, 0x0000000705000000|  0%| F|  |TAMS 0x0000000704e00000, 0x0000000704e00000| Untracked 
|  30|0x0000000705000000, 0x0000000705000000, 0x0000000705200000|  0%| F|  |TAMS 0x0000000705000000, 0x0000000705000000| Untracked 
|  31|0x0000000705200000, 0x0000000705200000, 0x0000000705400000|  0%| F|  |TAMS 0x0000000705200000, 0x0000000705200000| Untracked 
|  32|0x0000000705400000, 0x0000000705400000, 0x0000000705600000|  0%| F|  |TAMS 0x0000000705400000, 0x0000000705400000| Untracked 
|  33|0x0000000705600000, 0x0000000705600000, 0x0000000705800000|  0%| F|  |TAMS 0x0000000705600000, 0x0000000705600000| Untracked 
|  34|0x0000000705800000, 0x0000000705800000, 0x0000000705a00000|  0%| F|  |TAMS 0x0000000705800000, 0x0000000705800000| Untracked 
|  35|0x0000000705a00000, 0x0000000705a00000, 0x0000000705c00000|  0%| F|  |TAMS 0x0000000705a00000, 0x0000000705a00000| Untracked 
|  36|0x0000000705c00000, 0x0000000705c00000, 0x0000000705e00000|  0%| F|  |TAMS 0x0000000705c00000, 0x0000000705c00000| Untracked 
|  37|0x0000000705e00000, 0x0000000705e00000, 0x0000000706000000|  0%| F|  |TAMS 0x0000000705e00000, 0x0000000705e00000| Untracked 
|  38|0x0000000706000000, 0x0000000706000000, 0x0000000706200000|  0%| F|  |TAMS 0x0000000706000000, 0x0000000706000000| Untracked 
|  39|0x0000000706200000, 0x0000000706200000, 0x0000000706400000|  0%| F|  |TAMS 0x0000000706200000, 0x0000000706200000| Untracked 
|  40|0x0000000706400000, 0x0000000706400000, 0x0000000706600000|  0%| F|  |TAMS 0x0000000706400000, 0x0000000706400000| Untracked 
|  41|0x0000000706600000, 0x0000000706600000, 0x0000000706800000|  0%| F|  |TAMS 0x0000000706600000, 0x0000000706600000| Untracked 
|  42|0x0000000706800000, 0x0000000706800000, 0x0000000706a00000|  0%| F|  |TAMS 0x0000000706800000, 0x0000000706800000| Untracked 
|  43|0x0000000706a00000, 0x0000000706a00000, 0x0000000706c00000|  0%| F|  |TAMS 0x0000000706a00000, 0x0000000706a00000| Untracked 
|  44|0x0000000706c00000, 0x0000000706c00000, 0x0000000706e00000|  0%| F|  |TAMS 0x0000000706c00000, 0x0000000706c00000| Untracked 
|  45|0x0000000706e00000, 0x0000000706e00000, 0x0000000707000000|  0%| F|  |TAMS 0x0000000706e00000, 0x0000000706e00000| Untracked 
|  46|0x0000000707000000, 0x0000000707000000, 0x0000000707200000|  0%| F|  |TAMS 0x0000000707000000, 0x0000000707000000| Untracked 
|  47|0x0000000707200000, 0x0000000707200000, 0x0000000707400000|  0%| F|  |TAMS 0x0000000707200000, 0x0000000707200000| Untracked 
|  48|0x0000000707400000, 0x0000000707400000, 0x0000000707600000|  0%| F|  |TAMS 0x0000000707400000, 0x0000000707400000| Untracked 
|  49|0x0000000707600000, 0x0000000707600000, 0x0000000707800000|  0%| F|  |TAMS 0x0000000707600000, 0x0000000707600000| Untracked 
|  50|0x0000000707800000, 0x0000000707800000, 0x0000000707a00000|  0%| F|  |TAMS 0x0000000707800000, 0x0000000707800000| Untracked 
|  51|0x0000000707a00000, 0x0000000707a00000, 0x0000000707c00000|  0%| F|  |TAMS 0x0000000707a00000, 0x0000000707a00000| Untracked 
|  52|0x0000000707c00000, 0x0000000707c00000, 0x0000000707e00000|  0%| F|  |TAMS 0x0000000707c00000, 0x0000000707c00000| Untracked 
|  53|0x0000000707e00000, 0x0000000707e00000, 0x0000000708000000|  0%| F|  |TAMS 0x0000000707e00000, 0x0000000707e00000| Untracked 
|  54|0x0000000708000000, 0x0000000708000000, 0x0000000708200000|  0%| F|  |TAMS 0x0000000708000000, 0x0000000708000000| Untracked 
|  55|0x0000000708200000, 0x0000000708200000, 0x0000000708400000|  0%| F|  |TAMS 0x0000000708200000, 0x0000000708200000| Untracked 
|  56|0x0000000708400000, 0x0000000708400000, 0x0000000708600000|  0%| F|  |TAMS 0x0000000708400000, 0x0000000708400000| Untracked 
|  57|0x0000000708600000, 0x0000000708600000, 0x0000000708800000|  0%| F|  |TAMS 0x0000000708600000, 0x0000000708600000| Untracked 
|  58|0x0000000708800000, 0x0000000708800000, 0x0000000708a00000|  0%| F|  |TAMS 0x0000000708800000, 0x0000000708800000| Untracked 
|  59|0x0000000708a00000, 0x0000000708a00000, 0x0000000708c00000|  0%| F|  |TAMS 0x0000000708a00000, 0x0000000708a00000| Untracked 
|  60|0x0000000708c00000, 0x0000000708c00000, 0x0000000708e00000|  0%| F|  |TAMS 0x0000000708c00000, 0x0000000708c00000| Untracked 
|  61|0x0000000708e00000, 0x0000000708e00000, 0x0000000709000000|  0%| F|  |TAMS 0x0000000708e00000, 0x0000000708e00000| Untracked 
|  62|0x0000000709000000, 0x0000000709000000, 0x0000000709200000|  0%| F|  |TAMS 0x0000000709000000, 0x0000000709000000| Untracked 
|  63|0x0000000709200000, 0x0000000709200000, 0x0000000709400000|  0%| F|  |TAMS 0x0000000709200000, 0x0000000709200000| Untracked 
|  64|0x0000000709400000, 0x0000000709400000, 0x0000000709600000|  0%| F|  |TAMS 0x0000000709400000, 0x0000000709400000| Untracked 
|  65|0x0000000709600000, 0x0000000709600000, 0x0000000709800000|  0%| F|  |TAMS 0x0000000709600000, 0x0000000709600000| Untracked 
|  66|0x0000000709800000, 0x0000000709800000, 0x0000000709a00000|  0%| F|  |TAMS 0x0000000709800000, 0x0000000709800000| Untracked 
|  67|0x0000000709a00000, 0x0000000709a00000, 0x0000000709c00000|  0%| F|  |TAMS 0x0000000709a00000, 0x0000000709a00000| Untracked 
|  68|0x0000000709c00000, 0x0000000709c00000, 0x0000000709e00000|  0%| F|  |TAMS 0x0000000709c00000, 0x0000000709c00000| Untracked 
|  69|0x0000000709e00000, 0x0000000709e00000, 0x000000070a000000|  0%| F|  |TAMS 0x0000000709e00000, 0x0000000709e00000| Untracked 
|  70|0x000000070a000000, 0x000000070a000000, 0x000000070a200000|  0%| F|  |TAMS 0x000000070a000000, 0x000000070a000000| Untracked 
|  71|0x000000070a200000, 0x000000070a200000, 0x000000070a400000|  0%| F|  |TAMS 0x000000070a200000, 0x000000070a200000| Untracked 
|  72|0x000000070a400000, 0x000000070a400000, 0x000000070a600000|  0%| F|  |TAMS 0x000000070a400000, 0x000000070a400000| Untracked 
|  73|0x000000070a600000, 0x000000070a600000, 0x000000070a800000|  0%| F|  |TAMS 0x000000070a600000, 0x000000070a600000| Untracked 
|  74|0x000000070a800000, 0x000000070a800000, 0x000000070aa00000|  0%| F|  |TAMS 0x000000070a800000, 0x000000070a800000| Untracked 
|  75|0x000000070aa00000, 0x000000070aa00000, 0x000000070ac00000|  0%| F|  |TAMS 0x000000070aa00000, 0x000000070aa00000| Untracked 
|  76|0x000000070ac00000, 0x000000070ac00000, 0x000000070ae00000|  0%| F|  |TAMS 0x000000070ac00000, 0x000000070ac00000| Untracked 
|  77|0x000000070ae00000, 0x000000070ae00000, 0x000000070b000000|  0%| F|  |TAMS 0x000000070ae00000, 0x000000070ae00000| Untracked 
|  78|0x000000070b000000, 0x000000070b000000, 0x000000070b200000|  0%| F|  |TAMS 0x000000070b000000, 0x000000070b000000| Untracked 
|  79|0x000000070b200000, 0x000000070b200000, 0x000000070b400000|  0%| F|  |TAMS 0x000000070b200000, 0x000000070b200000| Untracked 
|  80|0x000000070b400000, 0x000000070b400000, 0x000000070b600000|  0%| F|  |TAMS 0x000000070b400000, 0x000000070b400000| Untracked 
|  81|0x000000070b600000, 0x000000070b600000, 0x000000070b800000|  0%| F|  |TAMS 0x000000070b600000, 0x000000070b600000| Untracked 
|  82|0x000000070b800000, 0x000000070b800000, 0x000000070ba00000|  0%| F|  |TAMS 0x000000070b800000, 0x000000070b800000| Untracked 
|  83|0x000000070ba00000, 0x000000070ba00000, 0x000000070bc00000|  0%| F|  |TAMS 0x000000070ba00000, 0x000000070ba00000| Untracked 
|  84|0x000000070bc00000, 0x000000070bc00000, 0x000000070be00000|  0%| F|  |TAMS 0x000000070bc00000, 0x000000070bc00000| Untracked 
|  85|0x000000070be00000, 0x000000070be00000, 0x000000070c000000|  0%| F|  |TAMS 0x000000070be00000, 0x000000070be00000| Untracked 
|  86|0x000000070c000000, 0x000000070c000000, 0x000000070c200000|  0%| F|  |TAMS 0x000000070c000000, 0x000000070c000000| Untracked 
|  87|0x000000070c200000, 0x000000070c200000, 0x000000070c400000|  0%| F|  |TAMS 0x000000070c200000, 0x000000070c200000| Untracked 
|  88|0x000000070c400000, 0x000000070c400000, 0x000000070c600000|  0%| F|  |TAMS 0x000000070c400000, 0x000000070c400000| Untracked 
|  89|0x000000070c600000, 0x000000070c600000, 0x000000070c800000|  0%| F|  |TAMS 0x000000070c600000, 0x000000070c600000| Untracked 
|  90|0x000000070c800000, 0x000000070c800000, 0x000000070ca00000|  0%| F|  |TAMS 0x000000070c800000, 0x000000070c800000| Untracked 
|  91|0x000000070ca00000, 0x000000070ca00000, 0x000000070cc00000|  0%| F|  |TAMS 0x000000070ca00000, 0x000000070ca00000| Untracked 
|  92|0x000000070cc00000, 0x000000070cc00000, 0x000000070ce00000|  0%| F|  |TAMS 0x000000070cc00000, 0x000000070cc00000| Untracked 
|  93|0x000000070ce00000, 0x000000070ce00000, 0x000000070d000000|  0%| F|  |TAMS 0x000000070ce00000, 0x000000070ce00000| Untracked 
|  94|0x000000070d000000, 0x000000070d000000, 0x000000070d200000|  0%| F|  |TAMS 0x000000070d000000, 0x000000070d000000| Untracked 
|  95|0x000000070d200000, 0x000000070d200000, 0x000000070d400000|  0%| F|  |TAMS 0x000000070d200000, 0x000000070d200000| Untracked 
|  96|0x000000070d400000, 0x000000070d400000, 0x000000070d600000|  0%| F|  |TAMS 0x000000070d400000, 0x000000070d400000| Untracked 
|  97|0x000000070d600000, 0x000000070d600000, 0x000000070d800000|  0%| F|  |TAMS 0x000000070d600000, 0x000000070d600000| Untracked 
|  98|0x000000070d800000, 0x000000070d800000, 0x000000070da00000|  0%| F|  |TAMS 0x000000070d800000, 0x000000070d800000| Untracked 
|  99|0x000000070da00000, 0x000000070da00000, 0x000000070dc00000|  0%| F|  |TAMS 0x000000070da00000, 0x000000070da00000| Untracked 
| 100|0x000000070dc00000, 0x000000070dc00000, 0x000000070de00000|  0%| F|  |TAMS 0x000000070dc00000, 0x000000070dc00000| Untracked 
| 101|0x000000070de00000, 0x000000070de00000, 0x000000070e000000|  0%| F|  |TAMS 0x000000070de00000, 0x000000070de00000| Untracked 
| 102|0x000000070e000000, 0x000000070e000000, 0x000000070e200000|  0%| F|  |TAMS 0x000000070e000000, 0x000000070e000000| Untracked 
| 103|0x000000070e200000, 0x000000070e200000, 0x000000070e400000|  0%| F|  |TAMS 0x000000070e200000, 0x000000070e200000| Untracked 
| 104|0x000000070e400000, 0x000000070e400000, 0x000000070e600000|  0%| F|  |TAMS 0x000000070e400000, 0x000000070e400000| Untracked 
| 105|0x000000070e600000, 0x000000070e600000, 0x000000070e800000|  0%| F|  |TAMS 0x000000070e600000, 0x000000070e600000| Untracked 
| 106|0x000000070e800000, 0x000000070e800000, 0x000000070ea00000|  0%| F|  |TAMS 0x000000070e800000, 0x000000070e800000| Untracked 
| 107|0x000000070ea00000, 0x000000070ea00000, 0x000000070ec00000|  0%| F|  |TAMS 0x000000070ea00000, 0x000000070ea00000| Untracked 
| 108|0x000000070ec00000, 0x000000070ec00000, 0x000000070ee00000|  0%| F|  |TAMS 0x000000070ec00000, 0x000000070ec00000| Untracked 
| 109|0x000000070ee00000, 0x000000070ee00000, 0x000000070f000000|  0%| F|  |TAMS 0x000000070ee00000, 0x000000070ee00000| Untracked 
| 110|0x000000070f000000, 0x000000070f000000, 0x000000070f200000|  0%| F|  |TAMS 0x000000070f000000, 0x000000070f000000| Untracked 
| 111|0x000000070f200000, 0x000000070f200000, 0x000000070f400000|  0%| F|  |TAMS 0x000000070f200000, 0x000000070f200000| Untracked 
| 112|0x000000070f400000, 0x000000070f400000, 0x000000070f600000|  0%| F|  |TAMS 0x000000070f400000, 0x000000070f400000| Untracked 
| 113|0x000000070f600000, 0x000000070f600000, 0x000000070f800000|  0%| F|  |TAMS 0x000000070f600000, 0x000000070f600000| Untracked 
| 114|0x000000070f800000, 0x000000070f800000, 0x000000070fa00000|  0%| F|  |TAMS 0x000000070f800000, 0x000000070f800000| Untracked 
| 115|0x000000070fa00000, 0x000000070fa00000, 0x000000070fc00000|  0%| F|  |TAMS 0x000000070fa00000, 0x000000070fa00000| Untracked 
| 116|0x000000070fc00000, 0x000000070fc00000, 0x000000070fe00000|  0%| F|  |TAMS 0x000000070fc00000, 0x000000070fc00000| Untracked 
| 117|0x000000070fe00000, 0x000000070fe00000, 0x0000000710000000|  0%| F|  |TAMS 0x000000070fe00000, 0x000000070fe00000| Untracked 
| 118|0x0000000710000000, 0x0000000710000000, 0x0000000710200000|  0%| F|  |TAMS 0x0000000710000000, 0x0000000710000000| Untracked 
| 119|0x0000000710200000, 0x00000007103737a0, 0x0000000710400000| 72%| S|CS|TAMS 0x0000000710200000, 0x0000000710200000| Complete 
| 120|0x0000000710400000, 0x000000071056ea00, 0x0000000710600000| 71%| E|  |TAMS 0x0000000710400000, 0x0000000710400000| Complete 
| 121|0x0000000710600000, 0x0000000710800000, 0x0000000710800000|100%| E|CS|TAMS 0x0000000710600000, 0x0000000710600000| Complete 
| 122|0x0000000710800000, 0x0000000710a00000, 0x0000000710a00000|100%| E|CS|TAMS 0x0000000710800000, 0x0000000710800000| Complete 
| 123|0x0000000710a00000, 0x0000000710c00000, 0x0000000710c00000|100%| E|CS|TAMS 0x0000000710a00000, 0x0000000710a00000| Complete 
| 124|0x0000000710c00000, 0x0000000710e00000, 0x0000000710e00000|100%| E|CS|TAMS 0x0000000710c00000, 0x0000000710c00000| Complete 
| 125|0x0000000710e00000, 0x0000000711000000, 0x0000000711000000|100%| E|CS|TAMS 0x0000000710e00000, 0x0000000710e00000| Complete 
| 126|0x0000000711000000, 0x0000000711200000, 0x0000000711200000|100%| E|  |TAMS 0x0000000711000000, 0x0000000711000000| Complete 
| 127|0x0000000711200000, 0x0000000711400000, 0x0000000711400000|100%| E|CS|TAMS 0x0000000711200000, 0x0000000711200000| Complete 

Card table byte_map: [0x0000023e48f10000,0x0000023e49710000] _byte_map_base: 0x0000023e45706000

Marking Bits (Prev, Next): (CMBitMap*) 0x0000023e3bd938e0, (CMBitMap*) 0x0000023e3bd93920
 Prev Bits: [0x0000023e49f10000, 0x0000023e4dec0000)
 Next Bits: [0x0000023e4dec0000, 0x0000023e51e70000)

Polling page: 0x0000023e3bde0000

Metaspace:

Usage:
  Non-class:     12.16 MB used.
      Class:      1.79 MB used.
       Both:     13.94 MB used.

Virtual space:
  Non-class space:       64.00 MB reserved,      12.25 MB ( 19%) committed,  1 nodes.
      Class space:        1.00 GB reserved,       1.94 MB ( <1%) committed,  1 nodes.
             Both:        1.06 GB reserved,      14.19 MB (  1%) committed. 

Chunk freelists:
   Non-Class:  3.42 MB
       Class:  1.89 MB
        Both:  5.31 MB

MaxMetaspaceSize: unlimited
CompressedClassSpaceSize: 1.00 GB
Initial GC threshold: 21.00 MB
Current GC threshold: 21.00 MB
CDS: on
MetaspaceReclaimPolicy: balanced
 - commit_granule_bytes: 65536.
 - commit_granule_words: 8192.
 - virtual_space_node_default_size: 8388608.
 - enlarge_chunks_in_place: 1.
 - new_chunks_are_fully_committed: 0.
 - uncommit_free_chunks: 1.
 - use_allocation_guard: 0.


Internal statistics:

num_allocs_failed_limit: 0.
num_arena_births: 284.
num_arena_deaths: 0.
num_vsnodes_births: 2.
num_vsnodes_deaths: 0.
num_space_committed: 227.
num_space_uncommitted: 0.
num_chunks_returned_to_freelist: 0.
num_chunks_taken_from_freelist: 687.
num_chunk_merges: 0.
num_chunk_splits: 454.
num_chunks_enlarged: 320.
num_inconsistent_stats: 0.

CodeCache: size=49152Kb used=5834Kb max_used=5834Kb free=43317Kb
 bounds [0x0000023e44e30000, 0x0000023e453f0000, 0x0000023e47e30000]
 total_blobs=2512 nmethods=2033 adapters=403
 compilation: enabled
              stopped_count=0, restarted_count=0
 full_count=0

Compilation events (20 events):
Event: 3.015 Thread 0x0000023e58c998b0 nmethod 2023 0x0000023e453db110 code [0x0000023e453db2a0, 0x0000023e453db358]
Event: 3.015 Thread 0x0000023e595054c0 nmethod 2024 0x0000023e453db410 code [0x0000023e453db5a0, 0x0000023e453db658]
Event: 3.016 Thread 0x0000023e595054c0 2026       1       jdk.internal.loader.AbstractClassLoaderValue$Sub::hashCode (19 bytes)
Event: 3.016 Thread 0x0000023e595054c0 nmethod 2026 0x0000023e453db710 code [0x0000023e453db8c0, 0x0000023e453dba18]
Event: 3.017 Thread 0x0000023e58c96fa0 nmethod 2022 0x0000023e453dbb10 code [0x0000023e453dbd60, 0x0000023e453dc338]
Event: 3.017 Thread 0x0000023e58c998b0 2027       1       java.lang.invoke.DirectMethodHandle$Holder::newInvokeSpecial (24 bytes)
Event: 3.018 Thread 0x0000023e58c998b0 nmethod 2027 0x0000023e453dc610 code [0x0000023e453dc7c0, 0x0000023e453dc968]
Event: 3.018 Thread 0x0000023e58c96fa0 2028       1       jdk.internal.loader.AbstractClassLoaderValue::<init> (5 bytes)
Event: 3.018 Thread 0x0000023e595054c0 2029       1       jdk.internal.loader.AbstractClassLoaderValue::sub (10 bytes)
Event: 3.018 Thread 0x0000023e58c998b0 2030       1       jdk.internal.loader.AbstractClassLoaderValue$Sub::<init> (15 bytes)
Event: 3.018 Thread 0x0000023e58c96fa0 nmethod 2028 0x0000023e453dcb10 code [0x0000023e453dcca0, 0x0000023e453dcd58]
Event: 3.018 Thread 0x0000023e58c96fa0 2031       1       java.lang.ClassLoader::createOrGetClassLoaderValueMap (37 bytes)
Event: 3.018 Thread 0x0000023e595054c0 nmethod 2029 0x0000023e453dce10 code [0x0000023e453dcfa0, 0x0000023e453dd178]
Event: 3.018 Thread 0x0000023e58c998b0 nmethod 2030 0x0000023e453dd210 code [0x0000023e453dd3a0, 0x0000023e453dd518]
Event: 3.018 Thread 0x0000023e58c96fa0 nmethod 2031 0x0000023e453dd590 code [0x0000023e453dd720, 0x0000023e453dd8c8]
Event: 3.022 Thread 0x0000023e58c96fa0 2032       1       sun.reflect.generics.repository.AbstractRepository::getFactory (5 bytes)
Event: 3.022 Thread 0x0000023e58c96fa0 nmethod 2032 0x0000023e453dd990 code [0x0000023e453ddb20, 0x0000023e453ddbf8]
Event: 3.022 Thread 0x0000023e58c998b0 2033       1       java.util.concurrent.locks.AbstractQueuedSynchronizer::signalNext (34 bytes)
Event: 3.023 Thread 0x0000023e58c998b0 nmethod 2033 0x0000023e453ddc90 code [0x0000023e453dde40, 0x0000023e453ddff8]
Event: 3.026 Thread 0x0000023e54913ee0 nmethod 2025 0x0000023e453de190 code [0x0000023e453de700, 0x0000023e453e04d8]

GC Heap History (4 events):
Event: 1.899 GC heap before
{Heap before GC invocations=0 (full 0):
 garbage-first heap   total 262144K, used 20480K [0x0000000701400000, 0x0000000800000000)
  region size 2048K, 11 young (22528K), 0 survivors (0K)
 Metaspace       used 7065K, committed 7296K, reserved 1114112K
  class space    used 848K, committed 960K, reserved 1048576K
}
Event: 1.918 GC heap after
{Heap after GC invocations=1 (full 0):
 garbage-first heap   total 262144K, used 6651K [0x0000000701400000, 0x0000000800000000)
  region size 2048K, 2 young (4096K), 2 survivors (4096K)
 Metaspace       used 7065K, committed 7296K, reserved 1114112K
  class space    used 848K, committed 960K, reserved 1048576K
}
Event: 2.683 GC heap before
{Heap before GC invocations=1 (full 0):
 garbage-first heap   total 262144K, used 20987K [0x0000000701400000, 0x0000000800000000)
  region size 2048K, 10 young (20480K), 2 survivors (4096K)
 Metaspace       used 10432K, committed 10752K, reserved 1114112K
  class space    used 1388K, committed 1536K, reserved 1048576K
}
Event: 2.691 GC heap after
{Heap after GC invocations=2 (full 0):
 garbage-first heap   total 262144K, used 8486K [0x0000000701400000, 0x0000000800000000)
  region size 2048K, 1 young (2048K), 1 survivors (2048K)
 Metaspace       used 10432K, committed 10752K, reserved 1114112K
  class space    used 1388K, committed 1536K, reserved 1048576K
}

Deoptimization events (2 events):
Event: 2.935 Thread 0x0000023e3bd21270 DEOPT PACKING pc=0x0000023e453c6ef9 sp=0x000000ec3b7fd250
Event: 2.935 Thread 0x0000023e3bd21270 DEOPT UNPACKING pc=0x0000023e44e82b43 sp=0x000000ec3b7fc730 mode 3

Classes loaded (20 events):
Event: 2.874 Loading class sun/text/resources/cldr/FormatData_en
Event: 2.875 Loading class sun/text/resources/cldr/FormatData_en done
Event: 2.875 Loading class sun/text/resources/cldr/FormatData_en_US
Event: 2.875 Loading class sun/text/resources/cldr/FormatData_en_US done
Event: 2.896 Loading class java/io/CharArrayReader
Event: 2.896 Loading class java/io/CharArrayReader done
Event: 2.907 Loading class java/lang/annotation/Repeatable
Event: 2.907 Loading class java/lang/annotation/Repeatable done
Event: 2.928 Loading class java/util/concurrent/atomic/AtomicReference
Event: 2.929 Loading class java/util/concurrent/atomic/AtomicReference done
Event: 2.959 Loading class java/beans/Introspector
Event: 2.960 Loading class java/beans/Introspector done
Event: 2.960 Loading class java/beans/EventSetDescriptor
Event: 2.960 Loading class java/beans/FeatureDescriptor
Event: 2.961 Loading class java/beans/FeatureDescriptor done
Event: 2.961 Loading class java/beans/EventSetDescriptor done
Event: 2.961 Loading class java/beans/Introspector$1
Event: 2.961 Loading class jdk/internal/access/JavaBeansAccess
Event: 2.961 Loading class jdk/internal/access/JavaBeansAccess done
Event: 2.961 Loading class java/beans/Introspector$1 done

Classes unloaded (0 events):
No events

Classes redefined (0 events):
No events

Internal exceptions (20 events):
Event: 2.304 Thread 0x0000023e3bd21270 Exception <a 'java/lang/NoSuchMethodError'{0x0000000710dfb228}: 'java.lang.Object java.lang.invoke.DirectMethodHandle$Holder.invokeSpecial(java.lang.Object, java.lang.Object, java.lang.Object, java.lang.Object, java.lang.Object, java.lang.Object, java.lang.Object, int)'> (0x0000000710dfb228) 
thrown [s\open\src\hotspot\share\interpreter\linkResolver.cpp, line 759]
Event: 2.305 Thread 0x0000023e3bd21270 Exception <a 'java/lang/NoSuchMethodError'{0x0000000710dffe50}: 'java.lang.Object java.lang.invoke.Invokers$Holder.linkToTargetMethod(java.lang.Object, java.lang.Object, java.lang.Object, java.lang.Object, java.lang.Object, int, java.lang.Object)'> (0x0000000710dffe50) 
thrown [s\open\src\hotspot\share\interpreter\linkResolver.cpp, line 759]
Event: 2.397 Thread 0x0000023e3bd21270 Exception <a 'java/lang/NoSuchMethodError'{0x0000000710b93a18}: 'java.lang.Object java.lang.invoke.DirectMethodHandle$Holder.invokeSpecial(java.lang.Object, java.lang.Object, java.lang.Object, int, java.lang.Object)'> (0x0000000710b93a18) 
thrown [s\open\src\hotspot\share\interpreter\linkResolver.cpp, line 759]
Event: 2.398 Thread 0x0000023e3bd21270 Exception <a 'java/lang/NoSuchMethodError'{0x0000000710b9bd90}: 'java.lang.Object java.lang.invoke.DirectMethodHandle$Holder.newInvokeSpecial(java.lang.Object, java.lang.Object, java.lang.Object, int, java.lang.Object)'> (0x0000000710b9bd90) 
thrown [s\open\src\hotspot\share\interpreter\linkResolver.cpp, line 759]
Event: 2.399 Thread 0x0000023e3bd21270 Exception <a 'java/lang/NoSuchMethodError'{0x0000000710ba3770}: 'java.lang.Object java.lang.invoke.Invokers$Holder.linkToTargetMethod(java.lang.Object, java.lang.Object, int, java.lang.Object, java.lang.Object)'> (0x0000000710ba3770) 
thrown [s\open\src\hotspot\share\interpreter\linkResolver.cpp, line 759]
Event: 2.401 Thread 0x0000023e3bd21270 Exception <a 'java/lang/NoSuchMethodError'{0x0000000710bb8400}: 'java.lang.Object java.lang.invoke.DirectMethodHandle$Holder.newInvokeSpecial(java.lang.Object, int, java.lang.Object)'> (0x0000000710bb8400) 
thrown [s\open\src\hotspot\share\interpreter\linkResolver.cpp, line 759]
Event: 2.402 Thread 0x0000023e3bd21270 Exception <a 'java/lang/NoSuchMethodError'{0x0000000710bbcc40}: 'int java.lang.invoke.DirectMethodHandle$Holder.invokeSpecialIFC(java.lang.Object, java.lang.Object, java.lang.Object, java.lang.Object)'> (0x0000000710bbcc40) 
thrown [s\open\src\hotspot\share\interpreter\linkResolver.cpp, line 759]
Event: 2.436 Thread 0x0000023e3bd21270 Exception <a 'java/lang/NoSuchMethodError'{0x0000000710876730}: 'java.lang.Object java.lang.invoke.DirectMethodHandle$Holder.invokeInterface(java.lang.Object, java.lang.Object)'> (0x0000000710876730) 
thrown [s\open\src\hotspot\share\interpreter\linkResolver.cpp, line 759]
Event: 2.441 Thread 0x0000023e3bd21270 Exception <a 'java/lang/NoSuchMethodError'{0x0000000710886a58}: 'void java.lang.invoke.DirectMethodHandle$Holder.invokeInterface(java.lang.Object, java.lang.Object, java.lang.Object)'> (0x0000000710886a58) 
thrown [s\open\src\hotspot\share\interpreter\linkResolver.cpp, line 759]
Event: 2.476 Thread 0x0000023e3bd21270 Exception <a 'java/lang/NoSuchMethodError'{0x00000007108fb258}: 'java.lang.Object java.lang.invoke.DirectMethodHandle$Holder.invokeVirtual(java.lang.Object, java.lang.Object, java.lang.Object)'> (0x00000007108fb258) 
thrown [s\open\src\hotspot\share\interpreter\linkResolver.cpp, line 759]
Event: 2.511 Thread 0x0000023e3bd21270 Exception <a 'java/lang/NoSuchMethodError'{0x00000007109a3a90}: 'void java.lang.invoke.DirectMethodHandle$Holder.invokeStatic(java.lang.Object, java.lang.Object, int)'> (0x00000007109a3a90) 
thrown [s\open\src\hotspot\share\interpreter\linkResolver.cpp, line 759]
Event: 2.514 Thread 0x0000023e3bd21270 Exception <a 'java/lang/NoSuchMethodError'{0x00000007109ab9a8}: 'void java.lang.invoke.DirectMethodHandle$Holder.invokeStaticInit(java.lang.Object, java.lang.Object)'> (0x00000007109ab9a8) 
thrown [s\open\src\hotspot\share\interpreter\linkResolver.cpp, line 759]
Event: 2.518 Thread 0x0000023e3bd21270 Exception <a 'java/lang/NoSuchMethodError'{0x00000007109b8210}: 'void java.lang.invoke.DirectMethodHandle$Holder.invokeStaticInit(java.lang.Object, java.lang.Object, java.lang.Object)'> (0x00000007109b8210) 
thrown [s\open\src\hotspot\share\interpreter\linkResolver.cpp, line 759]
Event: 2.544 Thread 0x0000023e3bd21270 Exception <a 'java/lang/NoSuchMethodError'{0x0000000710629bd8}: 'void java.lang.invoke.DirectMethodHandle$Holder.invokeVirtual(java.lang.Object, java.lang.Object, java.lang.Object, java.lang.Object)'> (0x0000000710629bd8) 
thrown [s\open\src\hotspot\share\interpreter\linkResolver.cpp, line 759]
Event: 2.609 Thread 0x0000023e3bd21270 Exception <a 'java/lang/NoSuchMethodError'{0x000000071076cf60}: 'void java.lang.invoke.DirectMethodHandle$Holder.invokeSpecial(java.lang.Object, java.lang.Object, java.lang.Object, java.lang.Object, java.lang.Object)'> (0x000000071076cf60) 
thrown [s\open\src\hotspot\share\interpreter\linkResolver.cpp, line 759]
Event: 2.619 Thread 0x0000023e3bd21270 Exception <a 'java/lang/IncompatibleClassChangeError'{0x0000000710796e80}: Found class java.lang.Object, but interface was expected> (0x0000000710796e80) 
thrown [s\open\src\hotspot\share\interpreter\linkResolver.cpp, line 826]
Event: 2.620 Thread 0x0000023e5971f010 Exception <a 'java/lang/NoClassDefFoundError'{0x00000007107c2070}: javax/validation/Validation> (0x00000007107c2070) 
thrown [s\open\src\hotspot\share\classfile\systemDictionary.cpp, line 244]
Event: 2.698 Thread 0x0000023e5971f010 Exception <a 'java/lang/NoSuchMethodError'{0x00000007112156b8}: 'java.lang.Object java.lang.invoke.DirectMethodHandle$Holder.invokeStaticInit(java.lang.Object, java.lang.Object, java.lang.Object, java.lang.Object, java.lang.Object)'> (0x00000007112156b8) 
thrown [s\open\src\hotspot\share\interpreter\linkResolver.cpp, line 759]
Event: 2.838 Thread 0x0000023e3bd21270 Exception <a 'java/lang/NoSuchMethodError'{0x0000000710c8e658}: 'org.slf4j.impl.StaticMDCBinder org.slf4j.impl.StaticMDCBinder.getSingleton()'> (0x0000000710c8e658) 
thrown [s\open\src\hotspot\share\interpreter\linkResolver.cpp, line 759]
Event: 2.856 Thread 0x0000023e3bd21270 Exception <a 'java/lang/NoSuchMethodError'{0x0000000710d75aa8}: 'int java.lang.invoke.Invokers$Holder.invokeExact_MT(java.lang.Object, java.lang.Object)'> (0x0000000710d75aa8) 
thrown [s\open\src\hotspot\share\interpreter\linkResolver.cpp, line 759]

VM Operations (20 events):
Event: 1.278 Executing VM operation: Cleanup
Event: 1.278 Executing VM operation: Cleanup done
Event: 1.316 Executing VM operation: HandshakeAllThreads
Event: 1.317 Executing VM operation: HandshakeAllThreads done
Event: 1.642 Executing VM operation: HandshakeAllThreads
Event: 1.642 Executing VM operation: HandshakeAllThreads done
Event: 1.899 Executing VM operation: G1CollectForAllocation
Event: 1.918 Executing VM operation: G1CollectForAllocation done
Event: 1.984 Executing VM operation: HandshakeAllThreads
Event: 1.984 Executing VM operation: HandshakeAllThreads done
Event: 2.389 Executing VM operation: HandshakeAllThreads
Event: 2.389 Executing VM operation: HandshakeAllThreads done
Event: 2.597 Executing VM operation: HandshakeAllThreads
Event: 2.597 Executing VM operation: HandshakeAllThreads done
Event: 2.640 Executing VM operation: HandshakeAllThreads
Event: 2.646 Executing VM operation: HandshakeAllThreads done
Event: 2.683 Executing VM operation: G1CollectForAllocation
Event: 2.691 Executing VM operation: G1CollectForAllocation done
Event: 3.019 Executing VM operation: HandshakeAllThreads
Event: 3.019 Executing VM operation: HandshakeAllThreads done

Events (20 events):
Event: 0.103 Thread 0x0000023e54913ee0 Thread added: 0x0000023e54913ee0
Event: 0.103 Thread 0x0000023e54934a60 Thread added: 0x0000023e54934a60
Event: 0.273 Thread 0x0000023e58c8d290 Thread added: 0x0000023e58c8d290
Event: 0.298 Thread 0x0000023e58c96fa0 Thread added: 0x0000023e58c96fa0
Event: 0.300 Thread 0x0000023e58c998b0 Thread added: 0x0000023e58c998b0
Event: 0.323 Loaded shared library C:\Users\Администратор\.jdks\openjdk-18.0.2\bin\zip.dll
Event: 0.329 Loaded shared library C:\Users\Администратор\.jdks\openjdk-18.0.2\bin\instrument.dll
Event: 0.344 Loaded shared library C:\Users\Администратор\.jdks\openjdk-18.0.2\bin\net.dll
Event: 0.349 Loaded shared library C:\Users\Администратор\.jdks\openjdk-18.0.2\bin\nio.dll
Event: 0.358 Loaded shared library C:\Users\Администратор\.jdks\openjdk-18.0.2\bin\zip.dll
Event: 0.597 Loaded shared library C:\Program Files\JetBrains\IntelliJ IDEA 2022.2\bin\breakgen64.dll
Event: 0.598 Thread 0x0000023e58fee490 Thread added: 0x0000023e58fee490
Event: 0.599 Thread 0x0000023e58ff1c40 Thread added: 0x0000023e58ff1c40
Event: 0.611 Loaded shared library C:\Users\Администратор\.jdks\openjdk-18.0.2\bin\jimage.dll
Event: 0.714 Loaded shared library C:\Users\Администратор\.jdks\openjdk-18.0.2\bin\management.dll
Event: 0.740 Loaded shared library C:\Users\Администратор\.jdks\openjdk-18.0.2\bin\management_ext.dll
Event: 1.293 Thread 0x0000023e59188e30 Thread added: 0x0000023e59188e30
Event: 1.380 Loaded shared library C:\Users\Администратор\.jdks\openjdk-18.0.2\bin\verify.dll
Event: 1.514 Thread 0x0000023e595054c0 Thread added: 0x0000023e595054c0
Event: 2.615 Thread 0x0000023e5971f010 Thread added: 0x0000023e5971f010


Dynamic libraries:
0x00007ff797320000 - 0x00007ff79732e000 	C:\Users\Администратор\.jdks\openjdk-18.0.2\bin\java.exe
0x00007ff911ed0000 - 0x00007ff9120c8000 	C:\WINDOWS\SYSTEM32\ntdll.dll
0x00007ff8c60d0000 - 0x00007ff8c60e9000 	C:\Program Files\Avast Software\Avast\aswhook.dll
0x00007ff911230000 - 0x00007ff9112ef000 	C:\WINDOWS\System32\KERNEL32.DLL
0x00007ff90fae0000 - 0x00007ff90fdd6000 	C:\WINDOWS\System32\KERNELBASE.dll
0x00007ff90fe30000 - 0x00007ff90ff30000 	C:\WINDOWS\System32\ucrtbase.dll
0x00007ff8dcf60000 - 0x00007ff8dcf7a000 	C:\Users\Администратор\.jdks\openjdk-18.0.2\bin\VCRUNTIME140.dll
0x00007ff8dcef0000 - 0x00007ff8dcf07000 	C:\Users\Администратор\.jdks\openjdk-18.0.2\bin\jli.dll
0x00007ff90ff30000 - 0x00007ff9100cd000 	C:\WINDOWS\System32\USER32.dll
0x00007ff90f860000 - 0x00007ff90f882000 	C:\WINDOWS\System32\win32u.dll
0x00007ff9011b0000 - 0x00007ff90144a000 	C:\WINDOWS\WinSxS\amd64_microsoft.windows.common-controls_6595b64144ccf1df_6.0.19041.1110_none_60b5254171f9507e\COMCTL32.dll
0x00007ff9100d0000 - 0x00007ff9100fc000 	C:\WINDOWS\System32\GDI32.dll
0x00007ff911190000 - 0x00007ff91122e000 	C:\WINDOWS\System32\msvcrt.dll
0x00007ff90f740000 - 0x00007ff90f855000 	C:\WINDOWS\System32\gdi32full.dll
0x00007ff90f990000 - 0x00007ff90fa2d000 	C:\WINDOWS\System32\msvcp_win.dll
0x00007ff910fb0000 - 0x00007ff910fe0000 	C:\WINDOWS\System32\IMM32.DLL
0x00007ff8fb560000 - 0x00007ff8fb56c000 	C:\Users\Администратор\.jdks\openjdk-18.0.2\bin\vcruntime140_1.dll
0x00007ff8a6b10000 - 0x00007ff8a6b9d000 	C:\Users\Администратор\.jdks\openjdk-18.0.2\bin\msvcp140.dll
0x00007ff88bb10000 - 0x00007ff88c721000 	C:\Users\Администратор\.jdks\openjdk-18.0.2\bin\server\jvm.dll
0x00007ff9114f0000 - 0x00007ff91159f000 	C:\WINDOWS\System32\ADVAPI32.dll
0x00007ff911300000 - 0x00007ff91139c000 	C:\WINDOWS\System32\sechost.dll
0x00007ff910d60000 - 0x00007ff910e86000 	C:\WINDOWS\System32\RPCRT4.dll
0x00007ff910100000 - 0x00007ff910108000 	C:\WINDOWS\System32\PSAPI.DLL
0x00007ff8f6ff0000 - 0x00007ff8f6ff9000 	C:\WINDOWS\SYSTEM32\WSOCK32.dll
0x00007ff8fb040000 - 0x00007ff8fb067000 	C:\WINDOWS\SYSTEM32\WINMM.dll
0x00007ff90e330000 - 0x00007ff90e33a000 	C:\WINDOWS\SYSTEM32\VERSION.dll
0x00007ff911480000 - 0x00007ff9114eb000 	C:\WINDOWS\System32\WS2_32.dll
0x00007ff90e2f0000 - 0x00007ff90e302000 	C:\WINDOWS\SYSTEM32\kernel.appcore.dll
0x00007ff8fb3f0000 - 0x00007ff8fb3fa000 	C:\Users\Администратор\.jdks\openjdk-18.0.2\bin\jimage.dll
0x00007ff8ff1c0000 - 0x00007ff8ff3a4000 	C:\WINDOWS\SYSTEM32\DBGHELP.DLL
0x00007ff8fed80000 - 0x00007ff8fedb4000 	C:\WINDOWS\SYSTEM32\dbgcore.DLL
0x00007ff90f900000 - 0x00007ff90f982000 	C:\WINDOWS\System32\bcryptPrimitives.dll
0x00007ff90b080000 - 0x00007ff90b08e000 	C:\Users\Администратор\.jdks\openjdk-18.0.2\bin\instrument.dll
0x00007ff8dc180000 - 0x00007ff8dc1a5000 	C:\Users\Администратор\.jdks\openjdk-18.0.2\bin\java.dll
0x00007ff8a6460000 - 0x00007ff8a6536000 	C:\Users\Администратор\.jdks\openjdk-18.0.2\bin\jsvml.dll
0x00007ff9115b0000 - 0x00007ff911cf4000 	C:\WINDOWS\System32\SHELL32.dll
0x00007ff90db50000 - 0x00007ff90e2e3000 	C:\WINDOWS\SYSTEM32\windows.storage.dll
0x00007ff9101c0000 - 0x00007ff910514000 	C:\WINDOWS\System32\combase.dll
0x00007ff90f010000 - 0x00007ff90f03e000 	C:\WINDOWS\SYSTEM32\Wldp.dll
0x00007ff910110000 - 0x00007ff9101bd000 	C:\WINDOWS\System32\SHCORE.dll
0x00007ff911d00000 - 0x00007ff911d55000 	C:\WINDOWS\System32\shlwapi.dll
0x00007ff90f4f0000 - 0x00007ff90f50f000 	C:\WINDOWS\SYSTEM32\profapi.dll
0x00007ff8d8100000 - 0x00007ff8d8118000 	C:\Users\Администратор\.jdks\openjdk-18.0.2\bin\zip.dll
0x00007ff8db720000 - 0x00007ff8db733000 	C:\Users\Администратор\.jdks\openjdk-18.0.2\bin\net.dll
0x00007ff907630000 - 0x00007ff90773a000 	C:\WINDOWS\SYSTEM32\WINHTTP.dll
0x00007ff90ed70000 - 0x00007ff90edda000 	C:\WINDOWS\system32\mswsock.dll
0x00007ff8d8ec0000 - 0x00007ff8d8ed6000 	C:\Users\Администратор\.jdks\openjdk-18.0.2\bin\nio.dll
0x00007ff8ff510000 - 0x00007ff8ff52a000 	C:\Program Files\JetBrains\IntelliJ IDEA 2022.2\bin\breakgen64.dll
0x00007ff90ea60000 - 0x00007ff90eb2b000 	C:\WINDOWS\SYSTEM32\DNSAPI.dll
0x00007ff90ea10000 - 0x00007ff90ea4c000 	C:\WINDOWS\SYSTEM32\IPHLPAPI.DLL
0x00007ff9115a0000 - 0x00007ff9115a8000 	C:\WINDOWS\System32\NSI.dll
0x00007ff9088a0000 - 0x00007ff9088aa000 	C:\Windows\System32\rasadhlp.dll
0x00007ff8f9830000 - 0x00007ff8f98b2000 	C:\WINDOWS\System32\fwpuclnt.dll
0x00007ff90f5b0000 - 0x00007ff90f5d7000 	C:\WINDOWS\System32\bcrypt.dll
0x00007ff8ff500000 - 0x00007ff8ff509000 	C:\Users\Администратор\.jdks\openjdk-18.0.2\bin\management.dll
0x00007ff8ff4f0000 - 0x00007ff8ff4fb000 	C:\Users\Администратор\.jdks\openjdk-18.0.2\bin\management_ext.dll
0x00007ff90ef70000 - 0x00007ff90ef88000 	C:\WINDOWS\SYSTEM32\CRYPTSP.dll
0x00007ff90e5b0000 - 0x00007ff90e5e4000 	C:\WINDOWS\system32\rsaenh.dll
0x00007ff90f4b0000 - 0x00007ff90f4de000 	C:\WINDOWS\SYSTEM32\USERENV.dll
0x00007ff90ef60000 - 0x00007ff90ef6c000 	C:\WINDOWS\SYSTEM32\CRYPTBASE.dll
0x00007ff9083d0000 - 0x00007ff9083e7000 	C:\WINDOWS\SYSTEM32\dhcpcsvc6.DLL
0x00007ff908180000 - 0x00007ff90819d000 	C:\WINDOWS\SYSTEM32\dhcpcsvc.DLL
0x00007ff8d6dc0000 - 0x00007ff8d6dd7000 	C:\WINDOWS\system32\napinsp.dll
0x00007ff8d6de0000 - 0x00007ff8d6dfb000 	C:\WINDOWS\system32\pnrpnsp.dll
0x00007ff90a2c0000 - 0x00007ff90a2d5000 	C:\WINDOWS\system32\wshbth.dll
0x00007ff90ae40000 - 0x00007ff90ae5d000 	C:\WINDOWS\system32\NLAapi.dll
0x00007ff8d6ec0000 - 0x00007ff8d6ed2000 	C:\WINDOWS\System32\winrnr.dll
0x00007ff8f9500000 - 0x00007ff8f9510000 	C:\Users\Администратор\.jdks\openjdk-18.0.2\bin\verify.dll

dbghelp: loaded successfully - version: 4.0.5 - missing functions: none
symbol engine: initialized successfully - sym options: 0x614 - pdb path: .;C:\Users\Администратор\.jdks\openjdk-18.0.2\bin;C:\WINDOWS\SYSTEM32;C:\Program Files\Avast Software\Avast;C:\WINDOWS\WinSxS\amd64_microsoft.windows.common-controls_6595b64144ccf1df_6.0.19041.1110_none_60b5254171f9507e;C:\Users\Администратор\.jdks\openjdk-18.0.2\bin\server;C:\Program Files\JetBrains\IntelliJ IDEA 2022.2\bin

VM Arguments:
jvm_args: -XX:TieredStopAtLevel=1 -Dspring.output.ansi.enabled=always -Dcom.sun.management.jmxremote -Dspring.jmx.enabled=true -Dspring.liveBeansView.mbeanDomain -Dspring.application.admin.enabled=true -javaagent:C:\Program Files\JetBrains\IntelliJ IDEA 2022.2\lib\idea_rt.jar=19207:C:\Program Files\JetBrains\IntelliJ IDEA 2022.2\bin -Dfile.encoding=UTF-8 
java_command: com.collection.collection.CollectionApplication
java_class_path (initial): C:\Users\Администратор\IdeaProjects\Collection\target\test-classes;C:\Users\Администратор\IdeaProjects\Collection\target\classes;C:\Users\Администратор\.m2\repository\org\springframework\boot\spring-boot-starter-web\2.7.12\spring-boot-starter-web-2.7.12.jar;C:\Users\Администратор\.m2\repository\org\springframework\boot\spring-boot-starter\2.7.12\spring-boot-starter-2.7.12.jar;C:\Users\Администратор\.m2\repository\org\springframework\boot\spring-boot\2.7.12\spring-boot-2.7.12.jar;C:\Users\Администратор\.m2\repository\org\springframework\boot\spring-boot-autoconfigure\2.7.12\spring-boot-autoconfigure-2.7.12.jar;C:\Users\Администратор\.m2\repository\org\springframework\boot\spring-boot-starter-logging\2.7.12\spring-boot-starter-logging-2.7.12.jar;C:\Users\Администратор\.m2\repository\ch\qos\logback\logback-classic\1.2.12\logback-classic-1.2.12.jar;C:\Users\Администратор\.m2\repository\ch\qos\logback\logback-core\1.2.12\logback-core-1.2.12.jar;C:\Users\Администратор\.m2\repository\org\apache\logging\log4j\log4j-to-slf4j\2.17.2\log4j-to-slf4j-2.17.2.jar;C:\Users\Администратор\.m2\repository\org\apache\logging\log4j\log4j-api\2.17.2\log4j-api-2.17.2.jar;C:\Users\Администратор\.m2\repository\org\slf4j\jul-to-slf4j\1.7.36\jul-to-slf4j-1.7.36.jar;C:\Users\Администратор\.m2\repository\jakarta\annotation\jakarta.annotation-api\1.3.5\jakarta.annotation-api-1.3.5.jar;C:\Users\Администратор\.m2\repository\org\yaml\snakeyaml\1.30\snakeyaml-1.30.jar;C:\Users\Администратор\.m2\repository\org\springframework\boot\spring-boot-starter-json\2.7.12\spring-boot-starter-json-2.7.12.jar;C:\Users\Администратор\.m2\repository\com\fasterxml\jackson\core\jackson-databind\2.13.5\jackson-databind-2.13.5.jar;C:\Users\Администратор\.m2\repository\com\fasterxml\jackson\core\jackson-annotations\2.13.5\jackson-annotations-2.13.5.jar;C:\Users\Администратор\.m2\repository\com\fasterxml\jackson\core\jackson-core\2.13.5\jackson-core-2.13.5.jar;C:\Users\Администратор\.m2\repository\com\fasterxml\jackson\datatype\jackson-datatype-jdk8\2.13.5\jackson-datatype-jdk8-2.13.5.jar;C:\Users\Администратор\.m2\repository\com\fasterxml\jackson\datatype\jackson-datatype-jsr310\2.13.5\jackson-datatype-jsr310-2.13.5.jar;C:\Users\Администратор\.m2\repository\com\fasterxml\jackson\module\jackson-module-parameter-names\2.13.5\jackson-module-parameter-names-2.13.5.jar;C:\Users\Администратор\.m2\repository\org\springframework\boot\spring-boot-starter-tomcat\2.7.12\spring-boot-starter-tomcat-2.7.12.jar;C:\Users\Администратор\.m2\repository\org\apache\tomcat\embed\tomcat-embed-core\9.0.75\tomcat-embed-core-9.0.75.jar;C:\Users\Администратор\.m2\repository\org\apache\tomcat\embed\tomcat-embed-el\9.0.75\tomcat-embed-el-9.0.75.jar;C:\Users\Администратор\.m2\repository\org\apache\tomcat\embed\tomcat-embed-websocket\9.0.75\tomcat-embed-websocket-9.0.75.jar;C:\Users\Администратор\.m2\repository\org\springframework\spring-web\5.3.27\spring-web-5.3.27.jar;C:\Users\Администратор\.m2\repository\org\springframework\spring-beans\5.3.27\spring-beans-5.3.27.jar;C:\Users\Администратор\.m2\repository\org\springframework\spring-webmvc\5.3.27\spring-webmvc-5.3.27.jar;C:\Users\Администратор\.m2\repository\org\springframework\spring-aop\5.3.27\spring-aop-5.3.27.jar;C:\Users\Администратор\.m2\repository\org\springframework\spring-context\5.3.27\spring-context-5.3.27.jar;C:\Users\Администратор\.m2\repository\org\springframework\spring-expression\5.3.27\spring-expression-5.3.27.jar;C:\Users\Администратор\.m2\repository\org\springframework\boot\spring-boot-starter-test\2.7.12\spring-boot-starter-test-2.7.12.jar;C:\Users\Администратор\.m2\repository\org\springframework\boot\spring-boot-test\2.7.12\spring-boot-test-2.7.12.jar;C:\Users\Администратор\.m2\repository\org\springframework\boot\spring-boot-test-autoconfigure\2.7.12\spring-boot-test-autoconfigure-2.7.12.jar;C:\Users\Администратор\.m2\repository\com\jayway\jsonpath\json-path\2.7.0\json-path-2.7.0.jar;C:\Users\Администратор\.m2\repository\net\minidev\json-smart\2.4.11\json-smart-2.4.11.jar;C:\Users\Администратор\.m2\repository\net\minidev\accessors-smart\2.4.11\accessors-smart-2.4.11.jar;C:\Users\Администратор\.m2\repository\org\ow2\asm\asm\9.3\asm-9.3.jar;C:\Users\Администратор\.m2\repository\org\slf4j\slf4j-api\1.7.36\slf4j-api-1.7.36.jar;C:\Users\Администратор\.m2\repository\jakarta\xml\bind\jakarta.xml.bind-api\2.3.3\jakarta.xml.bind-api-2.3.3.jar;C:\Users\Администратор\.m2\repository\jakarta\activation\jakarta.activation-api\1.2.2\jakarta.activation-api-1.2.2.jar;C:\Users\Администратор\.m2\repository\org\assertj\assertj-core\3.22.0\assertj-core-3.22.0.jar;C:\Users\Администратор\.m2\repository\org\hamcrest\hamcrest\2.2\hamcrest-2.2.jar;C:\Users\Администратор\.m2\repository\org\junit\jupiter\junit-jupiter\5.8.2\junit-jupiter-5.8.2.jar;C:\Users\Администратор\.m2\repository\org\junit\jupiter\junit-jupiter-api\5.8.2\junit-jupiter-api-5.8.2.jar;C:\Users\Администратор\.m2\repository\org\opentest4j\opentest4j\1.2.0\opentest4j-1.2.0.jar;C:\Users\Администратор\.m2\repository\org\junit\platform\junit-platform-commons\1.8.2\junit-platform-commons-1.8.2.jar;C:\Users\Администратор\.m2\repository\org\apiguardian\apiguardian-api\1.1.2\apiguardian-api-1.1.2.jar;C:\Users\Администратор\.m2\repository\org\junit\jupiter\junit-jupiter-params\5.8.2\junit-jupiter-params-5.8.2.jar;C:\Users\Администратор\.m2\repository\org\junit\jupiter\junit-jupiter-engine\5.8.2\junit-jupiter-engine-5.8.2.jar;C:\Users\Администратор\.m2\repository\org\junit\platform\junit-platform-engine\1.8.2\junit-platform-engine-1.8.2.jar;C:\Users\Администратор\.m2\repository\org\mockito\mockito-core\4.5.1\mockito-core-4.5.1.jar;C:\Users\Администратор\.m2\repository\net\bytebuddy\byte-buddy\1.12.23\byte-buddy-1.12.23.jar;C:\Users\Администратор\.m2\repository\net\bytebuddy\byte-buddy-agent\1.12.23\byte-buddy-agent-1.12.23.jar;C:\Users\Администратор\.m2\repository\org\objenesis\objenesis\3.2\objenesis-3.2.jar;C:\Users\Администратор\.m2\repository\org\mockito\mockito-junit-jupiter\4.5.1\mockito-junit-jupiter-4.5.1.jar;C:\Users\Администратор\.m2\repository\org\skyscreamer\jsonassert\1.5.1\jsonassert-1.5.1.jar;C:\Users\Администратор\.m2\repository\com\vaadin\external\google\android-json\0.0.20131108.vaadin1\android-json-0.0.20131108.vaadin1.jar;C:\Users\Администратор\.m2\repository\org\springframework\spring-core\5.3.27\spring-core-5.3.27.jar;C:\Users\Администратор\.m2\repository\org\springframework\spring-jcl\5.3.27\spring-jcl-5.3.27.jar;C:\Users\Администратор\.m2\repository\org\springframework\spring-test\5.3.27\spring-test-5.3.27.jar;C:\Users\Администратор\.m2\repository\org\xmlunit\xmlunit-core\2.9.1\xmlunit-core-2.9.1.jar
Launcher Type: SUN_STANDARD

[Global flags]
     intx CICompilerCount                          = 4                                         {product} {ergonomic}
     uint ConcGCThreads                            = 2                                         {product} {ergonomic}
     uint G1ConcRefinementThreads                  = 8                                         {product} {ergonomic}
   size_t G1HeapRegionSize                         = 2097152                                   {product} {ergonomic}
    uintx GCDrainStackTargetSize                   = 64                                        {product} {ergonomic}
   size_t InitialHeapSize                          = 268435456                                 {product} {ergonomic}
     bool ManagementServer                         = true                                      {product} {command line}
   size_t MarkStackSize                            = 4194304                                   {product} {ergonomic}
   size_t MaxHeapSize                              = 4273995776                                {product} {ergonomic}
   size_t MaxNewSize                               = 2562719744                                {product} {ergonomic}
   size_t MinHeapDeltaBytes                        = 2097152                                   {product} {ergonomic}
   size_t MinHeapSize                              = 8388608                                   {product} {ergonomic}
    uintx NonProfiledCodeHeapSize                  = 0                                      {pd product} {ergonomic}
     bool ProfileInterpreter                       = false                                  {pd product} {command line}
    uintx ProfiledCodeHeapSize                     = 0                                      {pd product} {ergonomic}
   size_t SoftMaxHeapSize                          = 4273995776                             {manageable} {ergonomic}
     intx TieredStopAtLevel                        = 1                                         {product} {command line}
     bool UseCompressedClassPointers               = true                           {product lp64_product} {ergonomic}
     bool UseCompressedOops                        = true                           {product lp64_product} {ergonomic}
     bool UseG1GC                                  = true                                      {product} {ergonomic}
     bool UseLargePagesIndividualAllocation        = false                                  {pd product} {ergonomic}

Logging:
Log output configuration:
 #0: stdout all=warning uptime,level,tags foldmultilines=false
 #1: stderr all=off uptime,level,tags foldmultilines=false

Environment Variables:
PATH=C:\ProgramData\Oracle\Java\javapath;C:\Program Files (x86)\Intel\iCLS Client\;C:\Program Files\Intel\iCLS Client\;C:\Windows\system32;C:\Windows;C:\Windows\System32\Wbem;C:\Windows\System32\WindowsPowerShell\v1.0\;C:\Program Files (x86)\NVIDIA Corporation\PhysX\Common;C:\Program Files (x86)\Intel\Intel(R) Management Engine Components\DAL;C:\Program Files\Intel\Intel(R) Management Engine Components\DAL;C:\Program Files (x86)\Intel\Intel(R) Management Engine Components\IPT;C:\Program Files\Intel\Intel(R) Management Engine Components\IPT;C:\WINDOWS\system32;C:\WINDOWS;C:\WINDOWS\System32\Wbem;C:\WINDOWS\System32\WindowsPowerShell\v1.0\;C:\Program Files\Intel\WiFi\bin\;C:\Program Files\Common Files\Intel\WirelessCommon\;C:\WINDOWS\System32\OpenSSH\;C:\Program Files\NVIDIA Corporation\NVIDIA NvDLISR;C:\WINDOWS\system32;C:\WINDOWS;C:\WINDOWS\System32\Wbem;C:\WINDOWS\System32\WindowsPowerShell\v1.0\;C:\WINDOWS\System32\OpenSSH\;C:\Program Files\Git\cmd;C:\Users\Администратор\AppData\Local\Microsoft\WindowsApps;C:\Program Files\Intel\WiFi\bin\;C:\Program Files\Common Files\Intel\WirelessCommon\;C:\Program Files\JetBrains\IntelliJ IDEA 2022.2\bin;;C:\Users\Администратор\AppData\Local\GitHubDesktop\bin
USERNAME=Администратор
OS=Windows_NT
PROCESSOR_IDENTIFIER=Intel64 Family 6 Model 158 Stepping 9, GenuineIntel



---------------  S Y S T E M  ---------------

OS:
 Windows 10 , 64 bit Build 19041 (10.0.19041.2913)
OS uptime: 11 days 4:25 hours

CPU: total 8 (initial active 8) (4 cores per cpu, 2 threads per core) family 6 model 158 stepping 9 microcode 0xb4, cx8, cmov, fxsr, ht, mmx, 3dnowpref, sse, sse2, sse3, ssse3, sse4.1, sse4.2, popcnt, lzcnt, tsc, tscinvbit, avx, avx2, aes, erms, clmul, bmi1, bmi2, adx, fma, vzeroupper, clflush, clflushopt

Memory: 4k page, system-wide physical 16303M (3124M free)
TotalPageFile size 16303M (AvailPageFile size 5M)
current process WorkingSet (physical memory assigned to process): 96M, peak: 96M
current process commit charge ("private bytes"): 368M, peak: 368M

vm_info: OpenJDK 64-Bit Server VM (18.0.2+9-61) for windows-amd64 JRE (18.0.2+9-61), built on Jun  7 2022 13:05:59 by "mach5one" with MS VC++ 16.8 / 16.9 (VS2019)

END.
